[('同志', 0), ('朋友', 1), ('清寒', 0), ('顽疾', 1), ('贫困', 1), ('古往今来', 1), ('治国安民', 1), ('贫困', 1), ('叹气', 1)]
[('感想', 0), ('切切', 0), ('世界', 0)]
[('家给民足', 1), ('素志', 1), ('反映', 1), ('离开', 0), ('贫困', 1), ('丰衣足食', 0), ('渴望', 1), ('由于', 1), ('腐烂', 1), ('动荡', 1), ('民生凋敝', 1), ('贫困', 1)]
[('人民', 0), ('离开', 0), ('清寒', 0)]
[('公民', 1), ('实现', 1), ('伟大', 1), ('再起', 0), ('重要', 1), ('成立', 0), ('对持', 1), ('公民', 1), ('快乐', 1), ('复兴', 1), ('行为', 1), ('配合', 1)]
[('人民', 0), ('创造', 0), ('自己', 0)]
[('进行', 1), ('长期', 1), ('岁月', 0), ('配合', 1), ('广大', 0), ('农夫', 1), ('田地', 1), ('推行', 1), ('帮助', 1), ('贫困', 1), ('解脱', 1)]
[('博得', 0), ('广大', 0), ('人民', 0)]
[('拥护', 1), ('攫取', 1), ('建设', 1), ('离开', 0), ('贫困', 1), ('创造', 0), ('根本', 1), ('政治', 1), ('条件', 1), ('创设', 1), ('配合', 1), ('公民', 1)]
[('完成', 0), ('革命', 0), ('确立', 0)]
[('基础', 1), ('推进', 1), ('建设', 1), ('组合', 0), ('公民', 1), ('自力更生', 0), ('摆脱', 1), ('贫困', 1), ('改观', 1), ('公民', 1), ('糊口', 1), ('依附', 1)]
[('团结', 0), ('人民', 0), ('实施', 0)]
[('计划', 1), ('组织', 1), ('着力', 1), ('解放', 0), ('繁荣', 1), ('效力', 0), ('保护', 1), ('改观', 1), ('获取', 1), ('前所未闻', 1), ('依附', 1), ('鲜明', 1)]
[('提出', 0), ('全数', 0), ('艰巨', 0)]
[('沉重', 1), ('劳动', 1), ('特别', 1), ('没有', 0), ('特别', 1), ('没有', 0), ('莫得', 1), ('全面', 1), ('贫穷', 1), ('要是', 1), ('长期', 1), ('贫困', 1)]
[('面庞', 0), ('持久', 0), ('改变', 0)]
[('群众', 1), ('糊口', 1), ('水平', 1), ('持久', 0), ('莫得', 1), ('必需', 0), ('时不我待', 1), ('工作', 1), ('年末', 1), ('突出', 1), ('关节', 1), ('关节', 1)]
[('清寒', 0), ('不能', 0), ('准许', 0)]
[('贫困', 1), ('群众', 1), ('期间', 1), ('提出', 0), ('精确', 1), ('创新', 0), ('工作', 1), ('工作', 1), ('会议', 1), ('疏远', 1), ('实现', 1), ('目标', 1)]
[('实行', 0), ('扶持', 0), ('对象', 0)]
[('安排', 1), ('资金', 1), ('方法', 1), ('成效', 0), ('精确', 1), ('实行', 0), ('繁荣', 1), ('燕徙', 1), ('补充', 1), ('繁荣', 1), ('教育', 1), ('精确', 1)]
[('作为', 0), ('举办', 0), ('全数', 0)]
[('部署', 1), ('全面', 1), ('目标', 1), ('攻下', 0), ('贫困', 1), ('堡垒', 0), ('决战', 1), ('有力', 1), ('应答', 1), ('影响', 1), ('决心', 1), ('终末', 1)]
[('顺利', 0), ('进军', 0), ('作为', 0)]
[('全面', 1), ('劳动', 1), ('组织', 1), ('开展', 0), ('披荆斩棘', 1), ('阐扬', 0), ('精神', 1), ('敢于', 1), ('攻克', 1), ('获取', 1), ('重要', 1), ('造诣', 1)]
[('扫数', 0), ('完成', 0), ('全数', 0)]
[('目标', 1), ('劳动', 1), ('贡献', 1), ('以来', 0), ('平衡', 1), ('国家', 0), ('人口', 1), ('提高', 1), ('全部', 1), ('实现', 1), ('保护', 1), ('群众', 1)]
[('基本', 0), ('医治', 0), ('安全', 0)]
[('保护', 1), ('安然', 1), ('保护', 1), ('清寒', 0), ('曾经', 1), ('生活', 0), ('贫困', 1), ('群众', 1), ('享福', 1), ('挫折', 1), ('糊口', 1), ('补贴', 1)]
[('清寒', 0), ('全体', 0), ('守卫', 0)]
[('悬崖绝壁', 1), ('照耀', 1), ('因而', 1), ('改变', 0), ('因而', 1), ('完成', 0), ('快乐', 1), ('因而', 1), ('造诣', 1), ('地域', 1), ('繁荣', 1), ('面貌', 1)]
[('发作', 0), ('剧变', 0), ('发展', 0)]
[('步调', 1), ('加速', 1), ('实力', 1), ('不断', 0), ('建设', 1), ('事业', 0), ('通讯', 1), ('题目', 1), ('解决', 1), ('学生', 1), ('实现', 1), ('动静', 1)]
[('乡镇', 0), ('扫数', 0), ('可靠', 0)]
[('达到', 1), ('能源', 1), ('达到', 1), ('超过', 0), ('贫困', 1), ('全体', 0), ('变更', 1), ('集中', 1), ('安设', 1), ('安设', 1), ('摆脱', 1), ('闭塞', 1)]
[('落伍', 0), ('乡亲', 0), ('告别', 0)]
[('离别', 1), ('离别', 1), ('孩童', 1), ('享受', 0), ('公平', 1), ('教悔', 0), ('机遇', 1), ('孩童', 1), ('离别', 1), ('跋山涉水', 1), ('实现', 1), ('学校', 1)]
[('个人', 0), ('一般', 0), ('成立', 0)]
[('进来', 1), ('实现', 1), ('全面', 1), ('超过', 0), ('所有', 1), ('最后', 0), ('营垒', 1), ('全部', 1), ('攻克', 1), ('地域', 1), ('线路', 1), ('巨变', 1)]
[('时代', 0), ('全体', 0), ('焕然一新', 0)]
[('扩充', 1), ('信念', 1), ('获取', 1), ('物质', 0), ('获取', 1), ('精力', 0), ('遍及', 1), ('群众', 1), ('激起', 1), ('广泛', 1), ('弘扬', 1), ('自身', 1)]
[('创造', 0), ('精力', 0), ('广大', 0)]
[('蔚然成风', 1), ('绝对', 1), ('门路', 1), ('乡下', 0), ('文告', 1), ('一定', 0), ('精神', 1), ('贫困', 1), ('群众', 1), ('精神', 1), ('寰宇', 1), ('充实', 1)]
[('信心', 0), ('脑子', 0), ('发作', 0)]
[('深刻', 1), ('改观', 1), ('干系', 1), ('基本', 0), ('更加', 1), ('牢固', 0), ('遍及', 1), ('坚决', 1), ('反映', 1), ('号召', 1), ('行径', 1), ('莫得', 1)]
[('建功立业', 0), ('广大', 0), ('大众', 0)]
[('贫困', 1), ('群众', 1), ('长年', 1), ('任劳任怨', 0), ('挫折', 1), ('血汗', 1), ('千山万水', 1), ('千门万户', 1), ('偏远', 1), ('哪里', 1)]
[('需要', 0), ('战役', 0), ('那边', 0)]
[('只要', 1), ('永远', 1), ('做事', 1), ('美好', 0), ('糊口', 1), ('必需', 0), ('群众', 1), ('战斗', 1), ('不竭', 1), ('治理', 1), ('明显', 1), ('提升', 1)]
[('带动', 0), ('因为', 0), ('吉利', 0)]
