[('作家', 0), ('贯串', 0), ('来源', 0)]
[('作者', 1), ('扫数', 0), ('商业', 0), ('干系', 1), ('作家', 0), ('取得', 0), ('评释', 1), ('出处', 0), ('开始', 1), ('内容', 0), ('后面', 1), ('更新', 1)]
[('瞎扯', 0), ('大量', 0), ('性能', 0)]
[('由于', 1), ('回答', 0), ('经过', 0), ('补充', 1), ('并且', 0), ('观赏', 0), ('可能', 1), ('对照', 0), ('诸君', 1), ('海涵', 0), ('补充', 1), ('编制', 1)]
[('设计', 0), ('体系', 0), ('可以', 0)]
[('结合', 1), ('回复', 0), ('体系', 0), ('底下', 1), ('摘要', 0), ('必需', 0), ('进来', 1), ('部队', 0), ('莫得', 1), ('情况', 0), ('仍然', 1), ('能量', 1)]
[('凸起', 0), ('获得', 0), ('胜利', 0)]
[('而今', 1), ('部队', 0), ('部队', 0), ('缺乏', 1), ('悠久', 0), ('力量', 0), ('弥补', 1), ('劈头', 0), ('队伍', 1), ('保持', 0), ('队伍', 1), ('队伍', 1)]
[('敏捷', 0), ('支持', 0), ('国家', 0)]
[('担保', 1), ('企图', 0), ('投入', 0), ('确切', 1), ('得志', 0), ('将来', 0), ('队伍', 1), ('战略', 0), ('间隔', 1), ('大战', 0), ('进来', 1), ('讯速', 1)]
[('建造', 0), ('日夜', 0), ('开放', 0)]
[('封闭', 1), ('建造', 0), ('进攻', 0), ('获取', 1), ('保持', 0), ('主动', 0), ('获胜', 1), ('部队', 0), ('满足', 1), ('建造', 0), ('条件', 1), ('队伍', 1)]
[('现在', 0), ('建造', 0), ('实力', 0)]
[('未来', 1), ('部队', 0), ('将来', 0), ('观点', 1), ('基本', 0), ('对象', 0), ('需要', 1), ('部队', 0), ('同期', 1), ('具备', 0), ('队伍', 1), ('便宜', 1)]
[('部队', 0), ('进入', 0), ('部队', 0)]
[('作为', 1), ('推动', 0), ('性能', 0), ('改革', 1), ('建造', 0), ('军队', 0), ('作为', 1), ('将来', 0), ('队伍', 1), ('发展', 0), ('经验', 1), ('技艺', 1)]
[('回答', 0), ('部队', 0), ('核心', 0)]
[('作战', 1), ('实力', 0), ('战略', 0), ('战役', 1), ('兵法', 0), ('实力', 0), ('增强', 1), ('实力', 0), ('作战', 1), ('实力', 0), ('军种', 1), ('联接', 1)]
[('单位', 0), ('经历', 0), ('步兵', 0)]
[('实现', 1), ('动作', 0), ('连接', 0), ('网络', 1), ('实力', 0), ('联合', 0), ('队伍', 1), ('完全', 0), ('讯速', 1), ('部署', 0), ('推行', 1), ('进来', 1)]
[('联合', 0), ('推行', 0), ('有效', 0)]
[('作战', 1), ('堤防', 0), ('束厄', 0), ('静止', 1), ('解放', 0), ('战斗', 0), ('特点', 1), ('收集', 0), ('中间', 1), ('部队', 0), ('能力', 1), ('战役', 1)]
[('新闻', 0), ('分享', 0), ('煽动', 0)]
[('配合', 1), ('决策', 0), ('执行', 0), ('作为', 1), ('潜伏', 0), ('训练', 0), ('顺应', 1), ('创新', 0), ('直觉', 1), ('力量', 0), ('牢靠', 1), ('前所未闻', 1)]
[('特出', 0), ('发明', 0), ('晓得', 0)]
[('行动', 1), ('消灭', 0), ('任务', 0), ('焦点', 1), ('任务', 0), ('瓦解', 0), ('破坏', 1), ('控制', 0), ('包括', 1), ('人员', 0), ('大陆', 1), ('地区', 1)]
[('企图', 0), ('推行', 0), ('战斗', 0)]
[('维护', 1), ('国家', 0), ('优点', 0), ('劳动', 1), ('进攻', 0), ('防守', 0), ('警戒', 1), ('稳定', 0), ('劳动', 1), ('基本', 0), ('工作', 1), ('实施', 1)]
[('指挥', 0), ('控制', 0), ('执行', 0)]
[('作战', 1), ('进度', 0), ('实力', 0), ('实施', 1), ('进攻', 0), ('建造', 0), ('实施', 1), ('推行', 0), ('激进', 1), ('推行', 0), ('实施', 1), ('防御', 1)]
[('建造', 0), ('推行', 0), ('区域', 0)]
[('防御', 1), ('推行', 0), ('戒备', 0), ('作战', 1), ('推行', 0), ('戒备', 0), ('作战', 1), ('推行', 0), ('地区', 1), ('戒备', 0), ('作战', 1), ('实施', 1)]
[('稳定', 0), ('建造', 0), ('基本', 0)]
[('服务', 1), ('合营', 0), ('支援', 0), ('实施', 1), ('支援', 0), ('国民', 0), ('救援', 1), ('体系', 0), ('编制', 1), ('体系', 0), ('编制', 1), ('作战', 1)]
[('发明', 0), ('马队', 0), ('乘车', 0)]
[('考察', 1), ('侦察', 0), ('步兵', 0), ('资料', 1), ('先辈', 0), ('侦察', 0), ('通讯', 1), ('侦察', 0), ('大地', 1), ('人员', 0), ('谍报', 1), ('单元', 1)]
[('连接', 0), ('新闻', 0), ('取得', 0)]
[('编制', 1), ('陆地', 0), ('好汉', 0), ('编制', 1), ('晓得', 0), ('收集', 0), ('中间', 1), ('系统', 0), ('队伍', 1), ('系统', 0), ('声音', 1), ('空地', 1)]
[('系统', 0), ('位置', 0), ('告禀', 0)]
[('编制', 1), ('跟踪', 0), ('系统', 0), ('替代', 1), ('联合', 0), ('视线', 0), ('通讯', 1), ('系统', 0), ('网络', 1), ('实力', 0), ('战术', 1), ('网络', 1)]
[('动作', 0), ('战略', 0), ('大战', 0)]
[('大地', 1), ('兵法', 0), ('快速', 0), ('安静', 1), ('侦察', 0), ('监督', 0), ('目标', 1), ('增加', 0), ('目标', 1), ('跟踪', 0), ('瓜分', 1), ('允许', 1)]
[('明确', 0), ('消灭', 0), ('系统', 0)]
[('救援', 1), ('人员', 0), ('主动', 0), ('探测', 1), ('实力', 0), ('保险', 0), ('队伍', 1), ('支援', 0), ('设想', 1), ('培修', 0), ('混合', 1), ('救援', 1)]
[('调动', 0), ('支援', 0), ('现存', 0)]
[('救援', 1), ('标准', 0), ('供应', 0), ('战术', 1), ('大战', 0), ('添补', 0), ('优势', 1), ('问题', 0), ('解释', 1), ('评论', 0), ('十足', 1), ('回话', 1)]
[('时刻', 0), ('部队', 0), ('基本', 0)]
[('顽抗', 1), ('己方', 0), ('部队', 0), ('打击', 1), ('设计', 0), ('接触', 0), ('作战', 1), ('将来', 0), ('而今', 1), ('往往', 0), ('掌管', 1), ('地域', 1)]
[('部队', 0), ('方式', 0), ('远程', 0)]
[('救援', 1), ('明确', 0), ('倾向', 0), ('视野', 1), ('建造', 0), ('情况', 0), ('需要', 1), ('承受', 0), ('激进', 1), ('对照', 0), ('自身', 1), ('火器', 1)]
[('攻击', 0), ('步兵', 0), ('全部', 0)]
[('相干', 1), ('兵器', 0), ('接连', 0), ('讨论', 1), ('不理', 0), ('丧心病狂', 0), ('能力', 1), ('数目', 0), ('现代', 1), ('要点', 0), ('战场', 1), ('可能', 1)]
[('松驰', 0), ('动作', 0), ('对比', 0)]
[('惟有', 1), ('全部', 0), ('对比', 0), ('可能', 1), ('怎样', 0), ('存在', 0), ('传统', 1), ('体系', 0), ('瓜分', 1), ('步兵', 0), ('编制', 1), ('摒挡', 1)]
[('分享', 0), ('注意', 0), ('档案', 0)]
[('关于', 1), ('因为', 0), ('人所共知', 0), ('原故', 1), ('没有', 0), ('确凿', 0), ('资料', 1), ('因为', 0), ('自身', 1), ('上风', 0), ('可能', 1), ('和洽', 1)]
[('支援', 0), ('失败', 0), ('比如', 0)]
[('呼叫', 1), ('往往', 0), ('必要', 0), ('旁边', 1), ('左右', 0), ('邻近', 0), ('传统', 1), ('比如', 0), ('呼叫', 1), ('往往', 0), ('需要', 1), ('计划', 1)]
[('支援', 0), ('协同', 0), ('主要', 0)]
[('队伍', 1), ('对比', 0), ('商酌', 0), ('遵照', 1), ('注意', 0), ('如果', 0), ('讪笑', 1), ('任务', 0), ('需要', 1), ('前方', 0), ('命令', 1), ('由于', 1)]
[('侦查', 0), ('时刻', 0), ('体系', 0)]
[('考查', 1), ('部队', 0), ('国家', 0), ('无论', 1), ('数目', 0), ('装备', 0), ('落后', 1), ('疏解', 0), ('聚集', 1), ('一样', 0), ('监视', 1), ('追踪', 1)]
[('然后', 0), ('支援', 0), ('失败', 0)]
[('队伍', 1), ('保持', 0), ('接触', 0), ('维持', 1), ('距离', 0), ('或者', 0), ('国度', 1), ('动作', 0), ('建设', 1), ('思绪', 0), ('各国', 1), ('开始', 1)]
[('正视', 0), ('部队', 0), ('建筑', 0)]
[('譬喻', 1), ('动作', 0), ('部队', 0), ('勇士', 1), ('思想', 0), ('停留', 0), ('理解', 1), ('列国', 0), ('陷入', 1), ('不过', 0), ('由于', 1), ('强大', 1)]
[('侦查', 0), ('实力', 0), ('通信', 0)]
[('网络', 1), ('上风', 0), ('大量', 0), ('步卒', 1), ('动作', 0), ('建造', 0), ('重要', 1), ('构成', 0), ('思路', 1), ('正视', 0), ('传统', 1), ('恶劣', 1)]
[('一定', 0), ('吃亏', 0), ('比如', 0)]
[('题目', 1), ('识别', 0), ('部队', 0), ('掌管', 1), ('通信', 0), ('支援', 0), ('需要', 1), ('大量', 0), ('条件', 1), ('体系', 0), ('编制', 1), ('恰恰', 1)]
[('解放', 0), ('问题', 0), ('径直', 0)]
[('队伍', 1), ('善长', 0), ('战争', 0), ('优势', 1), ('劣势', 0), ('实习', 0), ('素来', 1), ('不妨', 0), ('军营', 1), ('支援', 0), ('通讯', 1), ('组成', 1)]
[('分工', 0), ('团结', 0), ('互相', 0)]
[('弥补', 1), ('大量', 0), ('支援', 0), ('重量', 1), ('要求', 0), ('左右', 0), ('可能', 1), ('寻常', 0), ('步卒', 1), ('不能', 0), ('抵御', 1), ('模范', 1)]
[('半斤八两', 0), ('防守', 0), ('上风', 0)]
[('常见', 1), ('要求', 0), ('记住', 0), ('运输', 1), ('不能', 0), ('绝对', 0), ('担保', 1), ('接触', 0), ('由于', 1), ('战地', 0), ('不行', 1), ('担保', 1)]
[('堕入', 0), ('岂非', 0), ('装备', 0)]
[('队伍', 1), ('没有', 0), ('当年', 0), ('多数', 1), ('展现', 0), ('不屈', 0), ('演习', 1), ('日常', 0), ('装置', 1), ('投入', 0), ('冲锋', 1), ('可是', 1)]
[('冲击', 0), ('切实', 0), ('支援', 0)]
[('打击', 1), ('上风', 0), ('举世', 0), ('安排', 1), ('年光', 0), ('其余', 0), ('比较', 1), ('如何', 0), ('天下', 1), ('界线', 0), ('纯属', 1), ('可能', 1)]
[('不妨', 0), ('只有', 0), ('兵力', 0)]
[('达到', 1), ('至极', 0), ('一点', 0), ('现代', 1), ('部队', 0), ('必要', 0), ('洪量', 1), ('一连', 0), ('救援', 1), ('主要', 0), ('耗尽', 1), ('洪量', 1)]
[('伸长', 0), ('建造', 0), ('至极', 0)]
[('艰难', 1), ('部队', 0), ('制约', 0), ('只是', 1), ('存在', 0), ('当代', 0), ('队伍', 1), ('依靠', 0), ('实现', 1), ('战斗', 0), ('比较', 1), ('麻烦', 1)]
[('物质', 0), ('不过', 0), ('时代', 0)]
[('需要', 1), ('必要', 0), ('如果', 0), ('救援', 1), ('必要', 0), ('坚持', 0), ('作战', 1), ('必要', 0), ('曾经', 1), ('部队', 0), ('编制', 1), ('规模', 1)]
[('假如', 0), ('按照', 0), ('时代', 0)]
[('模范', 1), ('必要', 0), ('物质', 0), ('需要', 1), ('完全', 0), ('会合', 0), ('一齐', 1), ('体系', 0), ('编制', 1), ('假如', 0), ('选择', 1), ('平常', 1)]
[('体系', 0), ('保证', 0), ('进攻', 0)]
[('必须', 1), ('时刻', 0), ('摄取', 0), ('救援', 1), ('日常', 0), ('时代', 0), ('需求', 1), ('完成', 0), ('需要', 1), ('左右', 0), ('物资', 1), ('要是', 1)]
[('完全', 0), ('依靠', 0), ('必要', 0)]
[('继续', 1), ('情况', 0), ('动作', 0), ('基础', 1), ('大战', 0), ('具备', 0), ('辅导', 1), ('性能', 0), ('普通', 1), ('全部', 0), ('收受', 1), ('洪量', 1)]
[('担任', 0), ('大战', 0), ('推行', 0)]
[('期间', 1), ('任务', 0), ('物质', 0), ('贮备', 1), ('仓库', 0), ('上前', 0), ('推进', 1), ('之前', 0), ('行动', 1), ('界线', 0), ('间隔', 1), ('负责', 1)]
[('输送', 0), ('必要', 0), ('距离', 0)]
[('威逼', 1), ('进度', 0), ('古板', 0), ('重点', 1), ('矜持', 0), ('进攻', 0), ('现实', 1), ('消耗', 0), ('景况', 1), ('如何', 0), ('重要', 1), ('构兵', 1)]
[('全部', 0), ('部队', 0), ('因为', 0)]
[('队伍', 1), ('到达', 0), ('初叶', 0), ('半途', 1), ('失掉', 0), ('然后', 0), ('避免', 1), ('防地', 0), ('突破', 1), ('危险', 0), ('说明', 1), ('耗尽', 1)]
[('水准', 0), ('保险', 0), ('如此', 0)]
[('条件', 1), ('恐怕', 0), ('至极', 0), ('危机', 1), ('从头', 0), ('修改', 0), ('通过', 1), ('战地', 0), ('几乎', 1), ('彻底', 0), ('破坏', 1), ('体制', 1)]
[('指挥', 0), ('控制', 0), ('通信', 0)]
[('体制', 1), ('同时', 0), ('严重', 0), ('挫伤', 1), ('清寒', 0), ('通信', 0), ('堵截', 1), ('概括', 0), ('条件', 1), ('部队', 0), ('几乎', 1), ('抵抗', 1)]
[('投降', 0), ('评价', 0), ('因此', 0)]
[('降下', 1), ('至少', 0), ('没有', 0), ('不但', 1), ('战斗', 0), ('物质', 0), ('直接', 1), ('劝化', 0), ('维持', 1), ('生存', 0), ('物资', 1), ('食物', 1)]
[('严重', 0), ('劝化', 0), ('唠叨', 0)]
[('队伍', 1), ('要求', 0), ('实力', 0), ('危机', 1), ('制约', 0), ('推动', 0), ('速率', 1), ('建造', 0), ('理想', 1), ('情况', 0), ('作战', 1), ('范围', 1)]
[('建造', 0), ('建造', 0), ('至极', 0)]
[('危机', 1), ('制约', 0), ('部署', 0), ('艰难', 1), ('部队', 0), ('本来', 0), ('同期', 1), ('坚持', 0), ('作战', 1), ('特地', 0), ('需要', 1), ('耗尽', 1)]
[('大量', 0), ('战略', 0), ('当今', 0)]
[('战术', 1), ('境遇', 0), ('部队', 0), ('安排', 1), ('永久', 0), ('建造', 0), ('酿成', 1), ('限制', 0), ('景况', 1), ('部署', 0), ('需要', 1), ('此外', 1)]
[('失败', 0), ('收集', 0), ('远程', 0)]
[('救援', 1), ('明确', 0), ('失败', 0), ('队伍', 1), ('情况', 0), ('如何', 0), ('保障', 1), ('稳定', 0), ('很多', 1), ('了解', 0), ('自己', 1), ('队伍', 1)]
[('严重', 0), ('仰仗', 0), ('稳定', 0)]
[('强大', 1), ('部队', 0), ('严重', 0), ('制止', 1), ('部队', 0), ('无用', 0), ('只是', 1), ('坏处', 0), ('便宜', 1), ('场合', 0), ('譬喻', 1), ('领有', 1)]
[('巨大', 0), ('没有', 0), ('绝对', 0)]
[('优势', 1), ('水准', 0), ('装备', 0), ('练习', 1), ('水准', 0), ('情况', 0), ('队伍', 1), ('依旧', 0), ('能量', 1), ('思绪', 0), ('肯定', 1), ('需要', 1)]
[('投入', 0), ('整个', 0), ('瞎扯', 0)]
[('水平', 1), ('总结', 0), ('水准', 0), ('基础', 1), ('扞拒', 0), ('扞拒', 0), ('应该', 1), ('扞拒', 0), ('基础', 1), ('今后', 0), ('总计', 1), ('抵御', 1)]
[('平时', 0), ('严重', 0), ('后背', 0)]
[('题目', 1), ('扞拒', 0), ('产生', 0), ('可是', 1), ('失效', 0), ('已经', 0), ('以后', 1), ('不能', 0), ('间隔', 1), ('外表', 0), ('抵御', 1), ('多数', 1)]
[('笃定', 0), ('不能', 0), ('应当', 0)]
[('不行', 1), ('不同', 0), ('晋级', 0), ('直接', 1), ('命中', 0), ('输送', 0), ('曾经', 1), ('细致', 0), ('增强', 1), ('扞拒', 0), ('能力', 1), ('莫得', 1)]
[('扞拒', 0), ('实力', 0), ('性能', 0)]
[('类似', 1), ('另外', 0), ('经历', 0), ('步卒', 1), ('危险', 0), ('距离', 0), ('开始', 1), ('大量', 0), ('装置', 1), ('取代', 0), ('反映', 1), ('报告', 1)]
[('面临', 0), ('生存', 0), ('性能', 0)]
[('装置', 1), ('己方', 0), ('回答', 0), ('此外', 1), ('细致', 0), ('实力', 0), ('巨匠', 1), ('大众', 0), ('说明', 1), ('最佳', 0), ('达到', 1), ('设想', 1)]
[('指标', 0), ('全部', 0), ('可以', 0)]
[('基础', 1), ('或者', 0), ('旧式', 0), ('歪斜', 1), ('间隙', 0), ('感化', 0), ('巨匠', 1), ('兵器', 0), ('火器', 1), ('松驰', 0), ('时期', 1), ('各国', 1)]
[('步兵', 0), ('标准', 0), ('一定', 0)]
[('精确', 1), ('如果', 0), ('步兵', 0), ('火器', 1), ('前进', 0), ('上司', 0), ('加强', 1), ('没有', 0), ('担负', 1), ('指挥', 0), ('步卒', 1), ('火器', 1)]
[('助手', 0), ('助手', 0), ('没有', 0)]
[('的确', 1), ('无疑', 0), ('步兵', 0), ('火器', 1), ('主要', 0), ('下面', 0), ('关于', 1), ('全部', 0), ('编制', 1), ('包含', 0), ('细目', 1), ('可能', 1)]
[('兵器', 0), ('解说', 0), ('下面', 0)]
[('步卒', 1), ('输送', 0), ('侦查', 0), ('编制', 1), ('装备', 0), ('指挥', 0), ('救援', 1), ('倾向', 0), ('实在', 1), ('性能', 0), ('救援', 1), ('诊治', 1)]
